--- Startup times for process: Primary (or UI client) ---

times in msec
 clock   self+sourced   self:  sourced script
 clock   elapsed:              other lines

000.001  000.001: --- NVIM STARTING ---
000.252  000.252: event init
000.388  000.135: early init
000.448  000.060: locale set
000.517  000.069: init first window
001.085  000.568: inits 1
001.096  000.011: window checked
001.100  000.004: parsing arguments
001.912  000.066  000.066: require('vim.shared')
002.085  000.075  000.075: require('vim.inspect')
002.180  000.080  000.080: require('vim._options')
002.183  000.262  000.107: require('vim._editor')
002.185  000.374  000.046: require('vim._init_packages')
002.187  000.713: init lua interpreter
004.049  001.862: nvim_ui_attach
004.602  000.553: nvim_set_client_info
004.605  000.003: --- NVIM STARTED ---

--- Startup times for process: Embedded ---

times in msec
 clock   self+sourced   self:  sourced script
 clock   elapsed:              other lines

000.001  000.001: --- NVIM STARTING ---
000.237  000.236: event init
000.358  000.122: early init
000.412  000.054: locale set
000.470  000.058: init first window
000.946  000.476: inits 1
000.964  000.019: window checked
000.967  000.002: parsing arguments
001.787  000.070  000.070: require('vim.shared')
001.943  000.062  000.062: require('vim.inspect')
002.034  000.076  000.076: require('vim._options')
002.037  000.241  000.103: require('vim._editor')
002.039  000.361  000.050: require('vim._init_packages')
002.050  000.722: init lua interpreter
002.159  000.109: expanding arguments
002.215  000.056: inits 2
002.588  000.373: init highlight
002.589  000.001: waiting for UI
002.862  000.273: done waiting for UI
002.877  000.015: clear screen
003.089  000.015  000.015: require('vim.keymap')
004.293  000.215  000.215: sourcing nvim_exec2()
004.463  001.582  001.353: require('vim._defaults')
004.466  000.006: init default mappings & autocommands
005.063  000.102  000.102: sourcing /usr/share/nvim/runtime/ftplugin.vim
005.168  000.041  000.041: sourcing /usr/share/nvim/runtime/indent.vim
005.360  000.080  000.080: sourcing /usr/share/nvim/archlinux.lua
005.366  000.159  000.079: sourcing /etc/xdg/nvim/sysinit.vim
006.305  000.716  000.716: require('opts')
009.273  000.010  000.010: require('vim.F')
009.331  002.416  002.406: require('vim.diagnostic')
009.431  003.122  000.706: require('keymaps')
009.591  000.157  000.157: require('functions.floaterm')
010.368  000.661  000.661: require('lazy')
010.545  000.170  000.170: require('plugins.debug')
010.623  000.075  000.075: require('plugins.lint')
010.762  000.135  000.135: require('plugins.gitsigns')
010.880  000.115  000.115: require('plugins.whichkey')
011.108  000.217  000.217: require('plugins.lsp')
011.186  000.075  000.075: require('plugins.treesitter')
011.258  000.069  000.069: require('plugins.blink')
011.366  000.106  000.106: require('plugins.autoformat')
011.447  000.078  000.078: require('plugins.mini')
011.534  000.084  000.084: require('plugins.lualine')
011.643  000.106  000.106: require('plugins.neotest')
011.775  000.129  000.129: require('plugins.bufferline')
011.839  000.062  000.062: require('plugins.rainbow-delim')
011.920  000.079  000.079: require('plugins.flash')
011.964  000.041  000.041: require('plugins.autotag')
012.355  000.389  000.389: require('plugins.snacks')
012.445  000.072  000.072: require('ffi')
012.730  000.205  000.205: require('vim.fs')
012.899  000.165  000.165: require('vim.uri')
012.925  000.469  000.100: require('vim.loader')
013.416  000.464  000.464: require('lazy.stats')
013.616  000.165  000.165: require('lazy.core.util')
013.778  000.158  000.158: require('lazy.core.config')
014.024  000.080  000.080: require('lazy.core.handler')
014.320  000.066  000.066: require('lazy.pkg')
014.332  000.168  000.102: require('lazy.core.meta')
014.341  000.314  000.146: require('lazy.core.plugin')
014.350  000.568  000.175: require('lazy.core.loader')
014.924  000.108  000.108: require('lazy.core.fragments')
017.660  000.131  000.131: require('lazy.core.handler.event')
017.667  000.222  000.092: require('lazy.core.handler.ft')
017.811  000.139  000.139: require('lazy.core.handler.keys')
017.959  000.143  000.143: require('lazy.core.handler.cmd')
020.911  000.239  000.239: sourcing nvim_exec2() called at /usr/share/nvim/runtime/filetype.lua:0
020.918  000.390  000.151: sourcing /usr/share/nvim/runtime/filetype.lua
020.924  000.445  000.055: sourcing nvim_exec2() called at /home/so/.config/nvim/init.lua:0
021.035  000.003  000.003: sourcing nvim_exec2() called at /home/so/.config/nvim/init.lua:0
021.066  000.002  000.002: sourcing nvim_exec2() called at /home/so/.config/nvim/init.lua:0
022.195  001.118  001.118: require('bamboo')
023.738  000.094  000.094: require('bamboo')
025.129  000.112  000.112: require('bamboo.palette')
025.212  000.261  000.149: require('bamboo.colors')
025.285  000.065  000.065: require('bamboo.util')
025.661  001.382  001.056: require('bamboo.highlights')
027.566  000.087  000.087: require('bamboo.terminal')
027.583  004.180  002.617: sourcing /home/so/.local/share/nvim/lazy/bamboo.nvim/colors/bamboo.lua
028.849  000.528  000.528: require('snacks')
028.854  000.588  000.059: sourcing /home/so/.local/share/nvim/lazy/snacks.nvim/plugin/snacks.lua
028.862  000.645  000.057: sourcing nvim_exec2() called at /home/so/.config/nvim/init.lua:0
028.875  000.005  000.005: sourcing nvim_exec2() called at /home/so/.config/nvim/init.lua:0
028.892  000.002  000.002: sourcing nvim_exec2() called at /home/so/.config/nvim/init.lua:0
029.869  000.492  000.492: sourcing /home/so/.local/share/nvim/lazy/vim-sleuth/plugin/sleuth.vim
029.878  000.549  000.057: sourcing nvim_exec2() called at /home/so/.config/nvim/init.lua:0
029.890  000.002  000.002: sourcing nvim_exec2() called at /home/so/.config/nvim/init.lua:0
029.913  000.002  000.002: sourcing nvim_exec2() called at /home/so/.config/nvim/init.lua:0
030.275  000.102  000.102: sourcing /usr/share/nvim/runtime/plugin/editorconfig.lua
030.284  000.157  000.055: sourcing nvim_exec2() called at /home/so/.config/nvim/init.lua:0
030.609  000.271  000.271: sourcing /usr/share/nvim/runtime/plugin/gzip.vim
030.616  000.318  000.047: sourcing nvim_exec2() called at /home/so/.config/nvim/init.lua:0
030.818  000.149  000.149: sourcing /usr/share/nvim/runtime/plugin/man.lua
030.828  000.204  000.055: sourcing nvim_exec2() called at /home/so/.config/nvim/init.lua:0
031.601  000.229  000.229: sourcing /usr/share/nvim/runtime/pack/dist/opt/matchit/plugin/matchit.vim
031.637  000.746  000.516: sourcing /usr/share/nvim/runtime/plugin/matchit.vim
031.642  000.803  000.057: sourcing nvim_exec2() called at /home/so/.config/nvim/init.lua:0
031.854  000.164  000.164: sourcing /usr/share/nvim/runtime/plugin/matchparen.vim
031.860  000.204  000.040: sourcing nvim_exec2() called at /home/so/.config/nvim/init.lua:0
032.653  000.313  000.313: sourcing /usr/share/nvim/runtime/pack/dist/opt/netrw/plugin/netrwPlugin.vim
032.686  000.777  000.464: sourcing /usr/share/nvim/runtime/plugin/netrwPlugin.vim
032.690  000.816  000.038: sourcing nvim_exec2() called at /home/so/.config/nvim/init.lua:0
032.864  000.090  000.090: sourcing /usr/share/nvim/runtime/plugin/osc52.lua
032.872  000.172  000.082: sourcing nvim_exec2() called at /home/so/.config/nvim/init.lua:0
033.149  000.231  000.231: sourcing /usr/share/nvim/runtime/plugin/rplugin.vim
033.157  000.276  000.045: sourcing nvim_exec2() called at /home/so/.config/nvim/init.lua:0
033.292  000.077  000.077: sourcing /usr/share/nvim/runtime/plugin/shada.vim
033.298  000.125  000.048: sourcing nvim_exec2() called at /home/so/.config/nvim/init.lua:0
033.388  000.025  000.025: sourcing /usr/share/nvim/runtime/plugin/spellfile.vim
033.393  000.088  000.063: sourcing nvim_exec2() called at /home/so/.config/nvim/init.lua:0
033.560  000.117  000.117: sourcing /usr/share/nvim/runtime/plugin/tarPlugin.vim
033.566  000.166  000.049: sourcing nvim_exec2() called at /home/so/.config/nvim/init.lua:0
033.745  000.076  000.076: sourcing /usr/share/nvim/runtime/plugin/tohtml.lua
033.752  000.143  000.067: sourcing nvim_exec2() called at /home/so/.config/nvim/init.lua:0
033.833  000.030  000.030: sourcing /usr/share/nvim/runtime/plugin/tutor.vim
033.838  000.079  000.050: sourcing nvim_exec2() called at /home/so/.config/nvim/init.lua:0
034.079  000.195  000.195: sourcing /usr/share/nvim/runtime/plugin/zipPlugin.vim
034.098  000.254  000.058: sourcing nvim_exec2() called at /home/so/.config/nvim/init.lua:0
034.268  028.864  009.011: sourcing /home/so/.config/nvim/init.lua
034.280  000.650: sourcing vimrc file(s)
034.643  000.070  000.070: sourcing /usr/share/nvim/runtime/filetype.lua
034.909  000.083  000.083: sourcing /usr/share/nvim/runtime/syntax/synload.vim
035.006  000.273  000.190: sourcing /usr/share/nvim/runtime/syntax/syntax.vim
035.020  000.397: inits 3
039.694  004.674: reading ShaDa
039.815  000.121: opening buffers
039.946  000.117  000.117: require('snacks.explorer')
040.020  000.088: BufEnter autocommands
040.024  000.004: editing files in windows
040.076  000.052: VimEnter autocommands
040.821  000.262  000.262: require('snacks.util')
040.872  000.748  000.486: require('snacks.dashboard')
044.137  000.150  000.150: require('vim.ui')
044.148  000.496  000.346: require('snacks.input')
044.515  000.362  000.362: require('snacks.scope')
044.917  000.159  000.159: require('snacks.picker')
045.366  000.443  000.443: require('snacks.picker.config')
046.171  000.799  000.799: require('snacks.picker.config.highlights')
046.507  000.330  000.330: require('snacks.picker.config.defaults')
046.732  000.221  000.221: require('snacks.picker.config.sources')
046.847  000.111  000.111: require('snacks.picker.config.layouts')
049.823  000.105  000.105: require('vim.termcap')
049.857  000.017  000.017: require('vim.text')
049.891  006.024: UIEnter autocommands
049.894  000.003: before starting main loop
051.677  001.783: first screen update
051.681  000.005: --- NVIM STARTED ---

